<?xml version="1.0" encoding="UTF-8"?>
<testng-results ignored="0" total="1" passed="1" failed="0" skipped="0">
  <reporter-output>
  </reporter-output>
  <suite started-at="2021-05-27T23:45:13Z" name="Suite" finished-at="2021-05-27T23:46:09Z" duration-ms="56142">
    <groups>
    </groups>
    <test started-at="2021-05-27T23:45:13Z" name="Test" finished-at="2021-05-27T23:46:09Z" duration-ms="56142">
      <class name="execution.TestCase">
        <test-method is-config="true" signature="beforeTest()[pri:0, instance:execution.TestCase@ae13544]" started-at="2021-05-27T23:45:13Z" name="beforeTest" finished-at="2021-05-27T23:45:32Z" duration-ms="18457" status="PASS">
          <reporter-output>
          </reporter-output>
        </test-method> <!-- beforeTest -->
        <test-method signature="testCase()[pri:0, instance:execution.TestCase@ae13544]" started-at="2021-05-27T23:45:32Z" name="testCase" finished-at="2021-05-27T23:46:09Z" duration-ms="37631" status="PASS">
          <reporter-output>
          </reporter-output>
        </test-method> <!-- testCase -->
      </class> <!-- execution.TestCase -->
    </test> <!-- Test -->
  </suite> <!-- Suite -->
</testng-results>
